2023-09-17T12:33:34.830+02:00  INFO 11574 --- [main] com.sup1x.api.ApiApplication             : Starting ApiApplication using Java 17.0.8.1 with PID 11574 (/Users/elyps/dev/rep/bastian-fischer.dev/api/build/classes/java/main started by elyps in /Users/elyps/dev/rep/bastian-fischer.dev/api)
2023-09-17T12:33:34.834+02:00 DEBUG 11574 --- [main] com.sup1x.api.ApiApplication             : Running with Spring Boot v3.1.2, Spring v6.0.11
2023-09-17T12:33:34.834+02:00  INFO 11574 --- [main] com.sup1x.api.ApiApplication             : The following 1 profile is active: "dev"
2023-09-17T12:33:35.445+02:00  INFO 11574 --- [main] .s.d.r.c.RepositoryConfigurationDelegate : Multiple Spring Data modules found, entering strict repository configuration mode
2023-09-17T12:33:35.446+02:00  INFO 11574 --- [main] .s.d.r.c.RepositoryConfigurationDelegate : Bootstrapping Spring Data JPA repositories in DEFAULT mode.
2023-09-17T12:33:35.550+02:00  INFO 11574 --- [main] .s.d.r.c.RepositoryConfigurationDelegate : Finished Spring Data repository scanning in 101 ms. Found 8 JPA repository interfaces.
2023-09-17T12:33:35.558+02:00  INFO 11574 --- [main] .s.d.r.c.RepositoryConfigurationDelegate : Multiple Spring Data modules found, entering strict repository configuration mode
2023-09-17T12:33:35.559+02:00  INFO 11574 --- [main] .s.d.r.c.RepositoryConfigurationDelegate : Bootstrapping Spring Data Redis repositories in DEFAULT mode.
2023-09-17T12:33:35.566+02:00  INFO 11574 --- [main] .RepositoryConfigurationExtensionSupport : Spring Data Redis - Could not safely identify store assignment for repository candidate interface com.sup1x.api.repository.ArticleRepository; If you want this repository to be a Redis repository, consider annotating your entities with one of these annotations: org.springframework.data.redis.core.RedisHash (preferred), or consider extending one of the following types with your repository: org.springframework.data.keyvalue.repository.KeyValueRepository
2023-09-17T12:33:35.566+02:00  INFO 11574 --- [main] .RepositoryConfigurationExtensionSupport : Spring Data Redis - Could not safely identify store assignment for repository candidate interface com.sup1x.api.repository.CookieConsentRepository; If you want this repository to be a Redis repository, consider annotating your entities with one of these annotations: org.springframework.data.redis.core.RedisHash (preferred), or consider extending one of the following types with your repository: org.springframework.data.keyvalue.repository.KeyValueRepository
2023-09-17T12:33:35.566+02:00  INFO 11574 --- [main] .RepositoryConfigurationExtensionSupport : Spring Data Redis - Could not safely identify store assignment for repository candidate interface com.sup1x.api.repository.FileRepository; If you want this repository to be a Redis repository, consider annotating your entities with one of these annotations: org.springframework.data.redis.core.RedisHash (preferred), or consider extending one of the following types with your repository: org.springframework.data.keyvalue.repository.KeyValueRepository
2023-09-17T12:33:35.566+02:00  INFO 11574 --- [main] .RepositoryConfigurationExtensionSupport : Spring Data Redis - Could not safely identify store assignment for repository candidate interface com.sup1x.api.repository.NotificationRepository; If you want this repository to be a Redis repository, consider annotating your entities with one of these annotations: org.springframework.data.redis.core.RedisHash (preferred), or consider extending one of the following types with your repository: org.springframework.data.keyvalue.repository.KeyValueRepository
2023-09-17T12:33:35.566+02:00  INFO 11574 --- [main] .RepositoryConfigurationExtensionSupport : Spring Data Redis - Could not safely identify store assignment for repository candidate interface com.sup1x.api.repository.RefreshTokenRepository; If you want this repository to be a Redis repository, consider annotating your entities with one of these annotations: org.springframework.data.redis.core.RedisHash (preferred), or consider extending one of the following types with your repository: org.springframework.data.keyvalue.repository.KeyValueRepository
2023-09-17T12:33:35.566+02:00  INFO 11574 --- [main] .RepositoryConfigurationExtensionSupport : Spring Data Redis - Could not safely identify store assignment for repository candidate interface com.sup1x.api.repository.RoleRepository; If you want this repository to be a Redis repository, consider annotating your entities with one of these annotations: org.springframework.data.redis.core.RedisHash (preferred), or consider extending one of the following types with your repository: org.springframework.data.keyvalue.repository.KeyValueRepository
2023-09-17T12:33:35.566+02:00  INFO 11574 --- [main] .RepositoryConfigurationExtensionSupport : Spring Data Redis - Could not safely identify store assignment for repository candidate interface com.sup1x.api.repository.TagRepository; If you want this repository to be a Redis repository, consider annotating your entities with one of these annotations: org.springframework.data.redis.core.RedisHash (preferred), or consider extending one of the following types with your repository: org.springframework.data.keyvalue.repository.KeyValueRepository
2023-09-17T12:33:35.567+02:00  INFO 11574 --- [main] .RepositoryConfigurationExtensionSupport : Spring Data Redis - Could not safely identify store assignment for repository candidate interface com.sup1x.api.repository.UserRepository; If you want this repository to be a Redis repository, consider annotating your entities with one of these annotations: org.springframework.data.redis.core.RedisHash (preferred), or consider extending one of the following types with your repository: org.springframework.data.keyvalue.repository.KeyValueRepository
2023-09-17T12:33:35.567+02:00  INFO 11574 --- [main] .s.d.r.c.RepositoryConfigurationDelegate : Finished Spring Data repository scanning in 4 ms. Found 0 Redis repository interfaces.
2023-09-17T12:33:35.694+02:00  INFO 11574 --- [main] ptablePropertiesBeanFactoryPostProcessor : Post-processing PropertySource instances
2023-09-17T12:33:35.695+02:00  INFO 11574 --- [main] c.u.j.EncryptablePropertySourceConverter : Skipping PropertySource configurationProperties [class org.springframework.boot.context.properties.source.ConfigurationPropertySourcesPropertySource
2023-09-17T12:33:35.695+02:00  INFO 11574 --- [main] c.u.j.EncryptablePropertySourceConverter : Skipping PropertySource servletConfigInitParams [class org.springframework.core.env.PropertySource$StubPropertySource
2023-09-17T12:33:35.695+02:00  INFO 11574 --- [main] c.u.j.EncryptablePropertySourceConverter : Skipping PropertySource servletContextInitParams [class org.springframework.core.env.PropertySource$StubPropertySource
2023-09-17T12:33:35.696+02:00  INFO 11574 --- [main] c.u.j.EncryptablePropertySourceConverter : Converting PropertySource systemProperties [org.springframework.core.env.PropertiesPropertySource] to EncryptableMapPropertySourceWrapper
2023-09-17T12:33:35.696+02:00  INFO 11574 --- [main] c.u.j.EncryptablePropertySourceConverter : Converting PropertySource systemEnvironment [org.springframework.boot.env.SystemEnvironmentPropertySourceEnvironmentPostProcessor$OriginAwareSystemEnvironmentPropertySource] to EncryptableSystemEnvironmentPropertySourceWrapper
2023-09-17T12:33:35.696+02:00  INFO 11574 --- [main] c.u.j.EncryptablePropertySourceConverter : Converting PropertySource random [org.springframework.boot.env.RandomValuePropertySource] to EncryptablePropertySourceWrapper
2023-09-17T12:33:35.696+02:00  INFO 11574 --- [main] c.u.j.EncryptablePropertySourceConverter : Converting PropertySource Config resource 'file [/Users/elyps/dev/projects/side/homepage/api/src/main/resources/dev.env]' via location 'file:/Users/elyps/dev/projects/side/homepage/api/src/main/resources/dev.env[.properties]' [org.springframework.boot.env.OriginTrackedMapPropertySource] to EncryptableMapPropertySourceWrapper
2023-09-17T12:33:35.696+02:00  INFO 11574 --- [main] c.u.j.EncryptablePropertySourceConverter : Converting PropertySource Config resource 'class path resource [application-dev.yaml]' via location 'optional:classpath:/' [org.springframework.boot.env.OriginTrackedMapPropertySource] to EncryptableMapPropertySourceWrapper
2023-09-17T12:33:35.696+02:00  INFO 11574 --- [main] c.u.j.EncryptablePropertySourceConverter : Converting PropertySource Config resource 'class path resource [application.yaml]' via location 'optional:classpath:/' [org.springframework.boot.env.OriginTrackedMapPropertySource] to EncryptableMapPropertySourceWrapper
2023-09-17T12:33:35.696+02:00  INFO 11574 --- [main] c.u.j.EncryptablePropertySourceConverter : Converting PropertySource class path resource [encrypted.properties] [org.springframework.core.io.support.ResourcePropertySource] to EncryptableMapPropertySourceWrapper
2023-09-17T12:33:35.852+02:00  INFO 11574 --- [main] c.u.j.filter.DefaultLazyPropertyFilter   : Property Filter custom Bean not found with name 'encryptablePropertyFilter'. Initializing Default Property Filter
2023-09-17T12:33:35.856+02:00  INFO 11574 --- [main] c.u.j.r.DefaultLazyPropertyResolver      : Property Resolver custom Bean not found with name 'encryptablePropertyResolver'. Initializing Default Property Resolver
2023-09-17T12:33:35.857+02:00  INFO 11574 --- [main] c.u.j.d.DefaultLazyPropertyDetector      : Property Detector custom Bean not found with name 'encryptablePropertyDetector'. Initializing Default Property Detector
2023-09-17T12:33:35.919+02:00  INFO 11574 --- [main] o.s.b.w.embedded.tomcat.TomcatWebServer  : Tomcat initialized with port(s): 8083 (http)
2023-09-17T12:33:35.925+02:00  INFO 11574 --- [main] o.apache.catalina.core.StandardService   : Starting service [Tomcat]
2023-09-17T12:33:35.925+02:00  INFO 11574 --- [main] o.apache.catalina.core.StandardEngine    : Starting Servlet engine: [Apache Tomcat/10.1.11]
2023-09-17T12:33:35.991+02:00  INFO 11574 --- [main] o.a.c.c.C.[Tomcat].[localhost].[/]       : Initializing Spring embedded WebApplicationContext
2023-09-17T12:33:35.991+02:00  INFO 11574 --- [main] w.s.c.ServletWebServerApplicationContext : Root WebApplicationContext: initialization completed in 1114 ms
2023-09-17T12:33:36.046+02:00  INFO 11574 --- [main] c.u.j.encryptor.DefaultLazyEncryptor     : Found Custom Encryptor Bean org.jasypt.encryption.pbe.StandardPBEStringEncryptor@701d2b59 with name: jasyptStringEncryptor
2023-09-17T12:33:36.089+02:00  INFO 11574 --- [main] com.zaxxer.hikari.HikariDataSource       : HikariPool-1 - Starting...
2023-09-17T12:33:36.191+02:00  INFO 11574 --- [main] com.zaxxer.hikari.pool.HikariPool        : HikariPool-1 - Added connection conn0: url=jdbc:h2:mem:db_homepage user=SA
2023-09-17T12:33:36.192+02:00  INFO 11574 --- [main] com.zaxxer.hikari.HikariDataSource       : HikariPool-1 - Start completed.
2023-09-17T12:33:36.197+02:00  INFO 11574 --- [main] o.s.b.a.h2.H2ConsoleAutoConfiguration    : H2 console available at '/h2'. Database available at 'jdbc:h2:mem:db_homepage'
2023-09-17T12:33:36.573+02:00  INFO 11574 --- [main] liquibase.lockservice                    : Successfully acquired change log lock
2023-09-17T12:33:36.754+02:00  INFO 11574 --- [main] liquibase.changelog                      : Creating database history table with name: PUBLIC.DATABASECHANGELOG
2023-09-17T12:33:36.756+02:00  INFO 11574 --- [main] liquibase.changelog                      : Reading from PUBLIC.DATABASECHANGELOG
2023-09-17T12:33:36.807+02:00  INFO 11574 --- [main] liquibase.command                        : Using deploymentId: 4946816757
2023-09-17T12:33:36.807+02:00  INFO 11574 --- [main] liquibase.changelog                      : Reading from PUBLIC.DATABASECHANGELOG
2023-09-17T12:33:36.835+02:00  INFO 11574 --- [main] liquibase.changelog                      : Table roles created
2023-09-17T12:33:36.835+02:00  INFO 11574 --- [main] liquibase.changelog                      : ChangeSet db/changelog/init/01_createTable_roles.yaml::1::Bastian Fischer ran successfully in 3ms
2023-09-17T12:33:36.841+02:00  INFO 11574 --- [main] liquibase.changelog                      : Table article created
2023-09-17T12:33:36.841+02:00  INFO 11574 --- [main] liquibase.changelog                      : ChangeSet db/changelog/init/02_createTable_articles.yaml::2::Bastian Fischer ran successfully in 2ms
2023-09-17T12:33:36.845+02:00  INFO 11574 --- [main] liquibase.changelog                      : Table article_images created
2023-09-17T12:33:36.847+02:00  INFO 11574 --- [main] liquibase.changelog                      : Foreign key constraint added to article_images (article_id)
2023-09-17T12:33:36.847+02:00  INFO 11574 --- [main] liquibase.changelog                      : ChangeSet db/changelog/init/04_createTable_articles_images.yaml::4::Bastian Fischer ran successfully in 3ms
2023-09-17T12:33:36.851+02:00  INFO 11574 --- [main] liquibase.changelog                      : Table article_languages created
2023-09-17T12:33:36.852+02:00  INFO 11574 --- [main] liquibase.changelog                      : Foreign key constraint added to article_languages (article_id)
2023-09-17T12:33:36.852+02:00  INFO 11574 --- [main] liquibase.changelog                      : ChangeSet db/changelog/init/05_createTable_articles_languages.yaml::5::Bastian Fischer ran successfully in 2ms
2023-09-17T12:33:36.855+02:00  INFO 11574 --- [main] liquibase.changelog                      : Table users created
2023-09-17T12:33:36.855+02:00  INFO 11574 --- [main] liquibase.changelog                      : ChangeSet db/changelog/init/06_createTable_users.yaml::6::Bastian Fischer ran successfully in 2ms
2023-09-17T12:33:36.859+02:00  INFO 11574 --- [main] liquibase.changelog                      : Table user_roles created
2023-09-17T12:33:36.860+02:00  INFO 11574 --- [main] liquibase.changelog                      : Foreign key constraint added to user_roles (user_id)
2023-09-17T12:33:36.861+02:00  INFO 11574 --- [main] liquibase.changelog                      : Foreign key constraint added to user_roles (role_id)
2023-09-17T12:33:36.861+02:00  INFO 11574 --- [main] liquibase.changelog                      : ChangeSet db/changelog/init/07_createTable_user_roles.yaml::7::Bastian Fischer ran successfully in 2ms
2023-09-17T12:33:36.864+02:00  INFO 11574 --- [main] liquibase.changelog                      : Table cookie_consents created
2023-09-17T12:33:36.864+02:00  INFO 11574 --- [main] liquibase.changelog                      : ChangeSet db/changelog/init/08_createTable_cookie_consent.yaml::08::Bastian Fischer ran successfully in 1ms
2023-09-17T12:33:36.868+02:00  INFO 11574 --- [main] liquibase.changelog                      : Table refreshtoken created
2023-09-17T12:33:36.870+02:00  INFO 11574 --- [main] liquibase.changelog                      : Foreign key constraint added to refreshtoken (user_id)
2023-09-17T12:33:36.870+02:00  INFO 11574 --- [main] liquibase.changelog                      : ChangeSet db/changelog/init/09_createTable_refresh_token.yaml::09::Bastian Fischer ran successfully in 3ms
2023-09-17T12:33:36.873+02:00  INFO 11574 --- [main] liquibase.changelog                      : Table tag created
2023-09-17T12:33:36.873+02:00  INFO 11574 --- [main] liquibase.changelog                      : ChangeSet db/changelog/init/10_createTable_tags.yaml::10::Bastian Fischer ran successfully in 1ms
2023-09-17T12:33:36.877+02:00  INFO 11574 --- [main] liquibase.changelog                      : Custom SQL executed
2023-09-17T12:33:36.878+02:00  INFO 11574 --- [main] liquibase.changelog                      : ChangeSet db/changelog/inject/01_createRoles.sql::raw::includeAll ran successfully in 4ms
2023-09-17T12:33:36.880+02:00  INFO 11574 --- [main] liquibase.changelog                      : Custom SQL executed
2023-09-17T12:33:36.881+02:00  INFO 11574 --- [main] liquibase.changelog                      : ChangeSet db/changelog/inject/02_createUsers.sql::raw::includeAll ran successfully in 2ms
2023-09-17T12:33:36.896+02:00  INFO 11574 --- [main] liquibase.changelog                      : Custom SQL executed
2023-09-17T12:33:36.896+02:00  INFO 11574 --- [main] liquibase.changelog                      : ChangeSet db/changelog/inject/03_createArticles.sql::raw::includeAll ran successfully in 14ms
2023-09-17T12:33:36.898+02:00  INFO 11574 --- [main] liquibase.changelog                      : Custom SQL executed
2023-09-17T12:33:36.899+02:00  INFO 11574 --- [main] liquibase.changelog                      : ChangeSet db/changelog/inject/04_addTagsToArticles.sql::raw::includeAll ran successfully in 2ms
2023-09-17T12:33:36.900+02:00  INFO 11574 --- [main] liquibase.util                           : UPDATE SUMMARY
2023-09-17T12:33:36.900+02:00  INFO 11574 --- [main] liquibase.util                           : Run:                         13
2023-09-17T12:33:36.900+02:00  INFO 11574 --- [main] liquibase.util                           : Previously run:               0
2023-09-17T12:33:36.900+02:00  INFO 11574 --- [main] liquibase.util                           : Filtered out:                 0
2023-09-17T12:33:36.900+02:00  INFO 11574 --- [main] liquibase.util                           : -------------------------------
2023-09-17T12:33:36.900+02:00  INFO 11574 --- [main] liquibase.util                           : Total change sets:           13

2023-09-17T12:33:36.901+02:00  INFO 11574 --- [main] liquibase.util                           : Update summary generated
2023-09-17T12:33:36.901+02:00  INFO 11574 --- [main] liquibase.command                        : Update command completed successfully.
2023-09-17T12:33:36.915+02:00  INFO 11574 --- [main] liquibase.lockservice                    : Successfully released change log lock
2023-09-17T12:33:36.916+02:00  INFO 11574 --- [main] liquibase.lockservice                    : Successfully released change log lock
2023-09-17T12:33:36.916+02:00  INFO 11574 --- [main] liquibase.command                        : Command execution complete
2023-09-17T12:33:36.960+02:00  INFO 11574 --- [main] o.hibernate.jpa.internal.util.LogHelper  : HHH000204: Processing PersistenceUnitInfo [name: default]
2023-09-17T12:33:36.995+02:00  INFO 11574 --- [main] org.hibernate.Version                    : HHH000412: Hibernate ORM core version 6.2.6.Final
2023-09-17T12:33:36.997+02:00  INFO 11574 --- [main] org.hibernate.cfg.Environment            : HHH000406: Using bytecode reflection optimizer
2023-09-17T12:33:37.061+02:00  INFO 11574 --- [main] o.h.b.i.BytecodeProviderInitiator        : HHH000021: Bytecode provider name : bytebuddy
2023-09-17T12:33:37.126+02:00  INFO 11574 --- [main] o.s.o.j.p.SpringPersistenceUnitInfo      : No LoadTimeWeaver setup: ignoring JPA class transformer
2023-09-17T12:33:37.309+02:00  INFO 11574 --- [main] o.h.b.i.BytecodeProviderInitiator        : HHH000021: Bytecode provider name : bytebuddy
2023-09-17T12:33:37.686+02:00  INFO 11574 --- [main] o.h.e.t.j.p.i.JtaPlatformInitiator       : HHH000490: Using JtaPlatform implementation: [org.hibernate.engine.transaction.jta.platform.internal.NoJtaPlatform]
2023-09-17T12:33:37.714+02:00  INFO 11574 --- [main] j.LocalContainerEntityManagerFactoryBean : Initialized JPA EntityManagerFactory for persistence unit 'default'
2023-09-17T12:33:37.916+02:00 DEBUG 11574 --- [main] o.s.b.w.s.ServletContextInitializerBeans : Mapping filters: webMvcObservationFilter urls=[/*] order=-2147483647, springSecurityFilterChain urls=[/*] order=-100, characterEncodingFilter urls=[/*] order=-2147483648, formContentFilter urls=[/*] order=-9900, requestContextFilter urls=[/*] order=-105, authenticationJwtTokenFilter urls=[/*] order=2147483647
2023-09-17T12:33:37.916+02:00 DEBUG 11574 --- [main] o.s.b.w.s.ServletContextInitializerBeans : Mapping servlets: dispatcherServlet urls=[/], h2Console urls=[/h2/*]
2023-09-17T12:33:37.930+02:00 DEBUG 11574 --- [main] o.s.w.f.ServerHttpObservationFilter      : Filter 'webMvcObservationFilter' configured for use
2023-09-17T12:33:37.930+02:00 DEBUG 11574 --- [main] c.s.api.security.jwt.AuthTokenFilter     : Filter 'authenticationJwtTokenFilter' configured for use
2023-09-17T12:33:38.423+02:00  WARN 11574 --- [main] ConfigServletWebServerApplicationContext : Exception encountered during context initialization - cancelling refresh attempt: org.springframework.beans.factory.UnsatisfiedDependencyException: Error creating bean with name 'org.springframework.security.config.annotation.web.configuration.WebSecurityConfiguration': Unsatisfied dependency expressed through field 'httpSecurity': Error creating bean with name 'org.springframework.security.config.annotation.web.configuration.HttpSecurityConfiguration': Unsatisfied dependency expressed through method 'setContentNegotiationStrategy' parameter 0: Error creating bean with name 'org.springframework.boot.autoconfigure.web.servlet.WebMvcAutoConfiguration$EnableWebMvcConfiguration': Unsatisfied dependency expressed through method 'setConfigurers' parameter 0: Error creating bean with name 'swaggerWebMvcConfigurer' defined in class path resource [org/springdoc/webmvc/ui/SwaggerConfig.class]: Unsatisfied dependency expressed through method 'swaggerWebMvcConfigurer' parameter 1: Error creating bean with name 'indexPageTransformer' defined in class path resource [org/springdoc/webmvc/ui/SwaggerConfig.class]: Unsatisfied dependency expressed through method 'indexPageTransformer' parameter 3: Error creating bean with name 'swaggerWelcome' defined in class path resource [org/springdoc/webmvc/ui/SwaggerConfig.class]: Failed to instantiate [org.springdoc.webmvc.ui.SwaggerWelcomeWebMvc]: Factory method 'swaggerWelcome' threw exception with message: 'void org.springdoc.ui.AbstractSwaggerWelcome.<init>(org.springdoc.core.properties.SwaggerUiConfigProperties, org.springdoc.core.properties.SpringDocConfigProperties, org.springdoc.core.properties.SwaggerUiConfigParameters)'
2023-09-17T12:33:38.596+02:00  INFO 11574 --- [main] j.LocalContainerEntityManagerFactoryBean : Closing JPA EntityManagerFactory for persistence unit 'default'
2023-09-17T12:33:38.598+02:00  INFO 11574 --- [main] com.zaxxer.hikari.HikariDataSource       : HikariPool-1 - Shutdown initiated...
2023-09-17T12:33:38.600+02:00  INFO 11574 --- [main] com.zaxxer.hikari.HikariDataSource       : HikariPool-1 - Shutdown completed.
2023-09-17T12:33:38.601+02:00  INFO 11574 --- [main] o.apache.catalina.core.StandardService   : Stopping service [Tomcat]
2023-09-17T12:33:38.621+02:00  INFO 11574 --- [main] .s.b.a.l.ConditionEvaluationReportLogger : 

Error starting ApplicationContext. To display the condition evaluation report re-run your application with 'debug' enabled.
2023-09-17T12:33:38.633+02:00 ERROR 11574 --- [main] o.s.b.d.LoggingFailureAnalysisReporter   : 

***************************
APPLICATION FAILED TO START
***************************

Description:

An attempt was made to call a method that does not exist. The attempt was made from the following location:

    org.springdoc.webmvc.ui.SwaggerWelcomeCommon.<init>(SwaggerWelcomeCommon.java:54)

The following method did not exist:

    'void org.springdoc.ui.AbstractSwaggerWelcome.<init>(org.springdoc.core.properties.SwaggerUiConfigProperties, org.springdoc.core.properties.SpringDocConfigProperties, org.springdoc.core.properties.SwaggerUiConfigParameters)'

The calling method's class, org.springdoc.webmvc.ui.SwaggerWelcomeCommon, is available from the following locations:

    jar:file:/Users/elyps/.gradle/caches/modules-2/files-2.1/org.springdoc/springdoc-openapi-starter-webmvc-ui/2.1.0/f31615e90b61d18a46a701d5c10e9e505a49a984/springdoc-openapi-starter-webmvc-ui-2.1.0.jar!/org/springdoc/webmvc/ui/SwaggerWelcomeCommon.class
    jar:file:/Users/elyps/.gradle/caches/modules-2/files-2.1/org.springdoc/springdoc-openapi-ui/1.7.0/f4763107b0fb1f9c17fe6523b2fd0ca6cb201d66/springdoc-openapi-ui-1.7.0.jar!/org/springdoc/webmvc/ui/SwaggerWelcomeCommon.class

The calling method's class was loaded from the following location:

    file:/Users/elyps/.gradle/caches/modules-2/files-2.1/org.springdoc/springdoc-openapi-starter-webmvc-ui/2.1.0/f31615e90b61d18a46a701d5c10e9e505a49a984/springdoc-openapi-starter-webmvc-ui-2.1.0.jar

The called method's class, org.springdoc.ui.AbstractSwaggerWelcome, is available from the following locations:

    jar:file:/Users/elyps/.gradle/caches/modules-2/files-2.1/org.springdoc/springdoc-openapi-common/1.7.0/dbee27b9a0334a572735c3ed62ffd11adce73a62/springdoc-openapi-common-1.7.0.jar!/org/springdoc/ui/AbstractSwaggerWelcome.class
    jar:file:/Users/elyps/.gradle/caches/modules-2/files-2.1/org.springdoc/springdoc-openapi-starter-common/2.1.0/5c66d613cf1a505be1a8b92e60a481dea2c9552c/springdoc-openapi-starter-common-2.1.0.jar!/org/springdoc/ui/AbstractSwaggerWelcome.class

The called method's class hierarchy was loaded from the following locations:

    org.springdoc.ui.AbstractSwaggerWelcome: file:/Users/elyps/.gradle/caches/modules-2/files-2.1/org.springdoc/springdoc-openapi-common/1.7.0/dbee27b9a0334a572735c3ed62ffd11adce73a62/springdoc-openapi-common-1.7.0.jar


Action:

Correct the classpath of your application so that it contains compatible versions of the classes org.springdoc.webmvc.ui.SwaggerWelcomeCommon and org.springdoc.ui.AbstractSwaggerWelcome

